Arguments: 
  /home/lucas/.nvm/versions/node/v18.14.0/bin/node /home/lucas/.nvm/versions/node/v18.14.0/bin/yarn install

PATH: 
  /tmp/yarn--1681267903593-0.6914651500953575:/home/lucas/Code/Projects/keid/keid-vscode/node_modules/.bin:/home/lucas/.config/yarn/link/node_modules/.bin:/home/lucas/.yarn/bin:/home/lucas/.nvm/versions/node/v18.14.0/libexec/lib/node_modules/npm/bin/node-gyp-bin:/home/lucas/.nvm/versions/node/v18.14.0/lib/node_modules/npm/bin/node-gyp-bin:/home/lucas/.nvm/versions/node/v18.14.0/bin/node_modules/npm/bin/node-gyp-bin:/home/lucas/flutter/bin:/home/lucas/.vscode-server/bin/ee2b180d582a7f601fa6ecfdad8d9fd269ab1884/bin/remote-cli:/home/lucas/flutter/bin:/home/lucas/.nvm/versions/node/v18.14.0/bin:/home/lucas/.cargo/bin:/usr/local/sbin:/usr/local/bin:/usr/sbin:/usr/bin:/sbin:/bin:/usr/games:/usr/local/games:/usr/lib/wsl/lib:/mnt/c/Program Files (x86)/VMware/VMware Workstation/bin/:/mnt/c/Program Files/NVIDIA GPU Computing Toolkit/CUDA/v11.6/bin:/mnt/c/Program Files/NVIDIA GPU Computing Toolkit/CUDA/v11.6/libnvvp:/mnt/c/Program Files/ImageMagick:/mnt/c/Program Files/NVIDIA GPU Computing Toolkit/CUDA/v11.4/bin:/mnt/c/Program Files/NVIDIA GPU Computing Toolkit/CUDA/v11.4/libnvvp:/mnt/c/Program Files/Java/jdk1.8.0_261/bin:/mnt/c/Program Files/Common Files/Oracle/Java/javapath:/mnt/c/Program Files (x86)/Common Files/Oracle/Java/javapath:/mnt/c/Windows/system32:/mnt/c/Windows:/mnt/c/Windows/System32/Wbem:/mnt/c/Windows/System32/WindowsPowerShell/v1.0/:/mnt/c/Windows/System32/OpenSSH/:/mnt/c/Program Files/Git/cmd:/mnt/c/Program Files (x86)/NVIDIA Corporation/PhysX/Common:/mnt/c/ProgramData/chocolatey/bin:/mnt/c/Program Files/dotnet/:/mnt/c/Program Files/PuTTY/:/mnt/c/Program Files/CMake/bin:/mnt/c/Program Files/NVIDIA Corporation/NVIDIA NvDLISR:/mnt/c/Program Files/Amazon/AWSCLIV2/:/mnt/c/Program Files/Microsoft SQL Server/Client SDK/ODBC/170/Tools/Binn/:/mnt/c/Program Files (x86)/Microsoft SQL Server/150/Tools/Binn/:/mnt/c/Program Files/Microsoft SQL Server/150/Tools/Binn/:/mnt/c/Program Files/Microsoft SQL Server/150/DTS/Binn/:/mnt/c/Program Files (x86)/Microsoft SQL Server/150/DTS/Binn/:/mnt/c/Program Files/Azure Data Studio/bin:/mnt/c/Program Files/WireGuard/:/mnt/c/WINDOWS/system32:/mnt/c/WINDOWS:/mnt/c/WINDOWS/System32/Wbem:/mnt/c/WINDOWS/System32/WindowsPowerShell/v1.0/:/mnt/c/WINDOWS/System32/OpenSSH/:/mnt/c/Program Files (x86)/GnuPG/bin:/mnt/c/Program Files/Docker/Docker/resources/bin:/mnt/c/ProgramData/DockerDesktop/version-bin:/mnt/c/Program Files (x86)/WinMerge:/mnt/c/Users/Lucas/AppData/Roaming/nvm:/mnt/c/Program Files/nodejs:/mnt/c/ProgramData/ComposerSetup/bin:/mnt/c/Program Files/usbipd-win/:/mnt/c/Program Files (x86)/dotnet/:/mnt/c/Program Files/NVIDIA Corporation/Nsight Compute 2022.1.1/:/mnt/c/Program Files/Microsoft SQL Server/130/Tools/Binn/:/mnt/c/Users/Lucas/AppData/Roaming/LLVM/bin:/mnt/c/Python38:/mnt/c/Users/Lucas/.pyenv/pyenv-win/bin:/mnt/c/Users/Lucas/.pyenv/pyenv-win/shims:/mnt/c/Program Files/blp/DAPI:/mnt/c/Program Files/blp/DAPI/DDE:/mnt/c/Users/Lucas/.cargo/bin:/mnt/c/Users/Lucas/AppData/Local/Microsoft/WindowsApps:/mnt/c/Users/Lucas/AppData/Local/Programs/Microsoft VS Code/bin:/mnt/c/Users/Lucas/Code/OpenSource/flutter/bin:/mnt/c/Users/Lucas/.dotnet/tools:/mnt/c/Program Files/PostgreSQL/12/bin:/mnt/c/Users/Lucas/.ebcli-virtual-env/executables:/mnt/c/Users/Lucas/AppData/Roaming/Android/platform-tools:/mnt/c/Users/Lucas/AppData/Roaming/Apache-Maven/bin:/mnt/c/Users/Lucas/AppData/Roaming/apache-ant-1.10.8/bin:/mnt/c/Users/Lucas/AppData/Roaming/NuGet:/mnt/c/Users/Lucas/AppData/Roaming/TDM-GCC-64/bin:/mnt/c/Users/Lucas/Code/OpenSource/flutter/.pub-cache/bin:/mnt/c/Users/Lucas/AppData/Roaming/protoc/bin:/mnt/c/Users/Lucas/Code/OpenSource/vcpkg:/mnt/c/tools/dart-sdk/bin:/mnt/c/Users/Lucas/AppData/Roaming/Pub/Cache/bin:/mnt/c/Program Files/Azure Data Studio/bin:/mnt/c/Users/Lucas/.dotnet/tools:/mnt/c/Mono/bin:/mnt/c/Users/Lucas/AppData/Roaming/npm:/mnt/c/Users/Lucas/AppData/Local/Microsoft/WindowsApps:/mnt/c/Program Files (x86)/Nmap:/mnt/c/Program Files (x86)/mitmproxy/bin:/mnt/c/Users/Lucas/AppData/Roaming/wabt:/mnt/c/Program Files/doxygen/bin:/mnt/c/Users/Lucas/AppData/Roaming/nvm:/mnt/c/Program Files/nodejs:/mnt/c/Program Files/PHP-7.4.28:/mnt/c/Users/Lucas/AppData/Roaming/Composer/vendor/bin:/mnt/c/Program Files/7-Zip:/mnt/c/Users/Lucas/AppData/Roaming/sqfs43-win32:/mnt/c/Program Files/qemu:/snap/bin:/home/lucas/.dotnet/tools

Yarn version: 
  1.22.19

Node version: 
  18.14.0

Platform: 
  linux x64

Trace: 
  Error: getaddrinfo ENOTFOUND art.spacex.corp
      at GetAddrInfoReqWrap.onlookup [as oncomplete] (node:dns:107:26)

npm manifest: 
  {
  	"name": "keid-vscode-client",
  	"version": "1.0.0",
  	"engines": {
  		"vscode": "^1.64.0"
  	},
  	"dependencies": {
  		"vscode-languageclient": "^7.0.0"
  	},
  	"devDependencies": {
  		"@types/node": "^18.15.11",
  		"@types/vscode": "^1.52.0"
  	}
  }

yarn manifest: 
  No manifest

Lockfile: 
  # THIS IS AN AUTOGENERATED FILE. DO NOT EDIT THIS FILE DIRECTLY.
  # yarn lockfile v1
  
  
  "@types/node@^18.15.11":
    version "18.15.11"
    resolved "https://art.spacex.corp/artifactory/api/npm/ex-npm-remote/@types/node/-/node-18.15.11.tgz#b3b790f09cb1696cffcec605de025b088fa4225f"
    integrity sha512-E5Kwq2n4SbMzQOn6wnmBjuK9ouqlURrcZDVfbo9ftDDTFt3nk7ZKK4GMOzoYgnpQJKcxwQw+lGaBvvlMo0qN/Q==
  
  "@types/vscode@^1.52.0":
    version "1.64.0"
    resolved "https://registry.yarnpkg.com/@types/vscode/-/vscode-1.64.0.tgz#bfd82c8d92dc7824c1be084be1ab46ce20d7fb55"
    integrity sha512-bSlAWz5WtcSL3cO9tAT/KpEH9rv5OBnm93OIIFwdCshaAiqr2bp1AUyEwW9MWeCvZBHEXc3V0fTYVdVyzDNwHA==
  
  balanced-match@^1.0.0:
    version "1.0.2"
    resolved "https://registry.yarnpkg.com/balanced-match/-/balanced-match-1.0.2.tgz#e83e3a7e3f300b34cb9d87f615fa0cbf357690ee"
    integrity sha512-3oSeUO0TMV67hN1AmbXsK4yaqU7tjiHlbxRDZOpH0KW9+CeX4bRAaX0Anxt0tx2MrpRpWwQaPwIlISEJhYU5Pw==
  
  brace-expansion@^1.1.7:
    version "1.1.11"
    resolved "https://registry.yarnpkg.com/brace-expansion/-/brace-expansion-1.1.11.tgz#3c7fcbf529d87226f3d2f52b966ff5271eb441dd"
    integrity sha512-iCuPHDFgrHX7H2vEI/5xpz07zSHB00TpugqhmYtVmMO6518mCuRMoOYFldEBl0g187ufozdaHgWKcYFb61qGiA==
    dependencies:
      balanced-match "^1.0.0"
      concat-map "0.0.1"
  
  concat-map@0.0.1:
    version "0.0.1"
    resolved "https://registry.yarnpkg.com/concat-map/-/concat-map-0.0.1.tgz#d8a96bd77fd68df7793a73036a3ba0d5405d477b"
    integrity sha1-2Klr13/Wjfd5OnMDajug1UBdR3s=
  
  lru-cache@^6.0.0:
    version "6.0.0"
    resolved "https://registry.yarnpkg.com/lru-cache/-/lru-cache-6.0.0.tgz#6d6fe6570ebd96aaf90fcad1dafa3b2566db3a94"
    integrity sha512-Jo6dJ04CmSjuznwJSS3pUeWmd/H0ffTlkXXgwZi+eq1UCmqQwCh+eLsYOYCwY991i2Fah4h1BEMCx4qThGbsiA==
    dependencies:
      yallist "^4.0.0"
  
  minimatch@^3.0.4:
    version "3.1.2"
    resolved "https://registry.yarnpkg.com/minimatch/-/minimatch-3.1.2.tgz#19cd194bfd3e428f049a70817c038d89ab4be35b"
    integrity sha512-J7p63hRiAjw1NDEww1W7i37+ByIrOWO5XQQAzZ3VOcL0PNybwpfmV/N05zFAzwQ9USyEcX6t3UO+K5aqBQOIHw==
    dependencies:
      brace-expansion "^1.1.7"
  
  semver@^7.3.4:
    version "7.3.5"
    resolved "https://registry.yarnpkg.com/semver/-/semver-7.3.5.tgz#0b621c879348d8998e4b0e4be94b3f12e6018ef7"
    integrity sha512-PoeGJYh8HK4BTO/a9Tf6ZG3veo/A7ZVsYrSA6J8ny9nb3B1VrpkuN+z9OE5wfE5p6H4LchYZsegiQgbJD94ZFQ==
    dependencies:
      lru-cache "^6.0.0"
  
  vscode-jsonrpc@6.0.0:
    version "6.0.0"
    resolved "https://registry.yarnpkg.com/vscode-jsonrpc/-/vscode-jsonrpc-6.0.0.tgz#108bdb09b4400705176b957ceca9e0880e9b6d4e"
    integrity sha512-wnJA4BnEjOSyFMvjZdpiOwhSq9uDoK8e/kpRJDTaMYzwlkrhG1fwDIZI94CLsLzlCK5cIbMMtFlJlfR57Lavmg==
  
  vscode-languageclient@^7.0.0:
    version "7.0.0"
    resolved "https://registry.yarnpkg.com/vscode-languageclient/-/vscode-languageclient-7.0.0.tgz#b505c22c21ffcf96e167799757fca07a6bad0fb2"
    integrity sha512-P9AXdAPlsCgslpP9pRxYPqkNYV7Xq8300/aZDpO35j1fJm/ncize8iGswzYlcvFw5DQUx4eVk+KvfXdL0rehNg==
    dependencies:
      minimatch "^3.0.4"
      semver "^7.3.4"
      vscode-languageserver-protocol "3.16.0"
  
  vscode-languageserver-protocol@3.16.0:
    version "3.16.0"
    resolved "https://registry.yarnpkg.com/vscode-languageserver-protocol/-/vscode-languageserver-protocol-3.16.0.tgz#34135b61a9091db972188a07d337406a3cdbe821"
    integrity sha512-sdeUoAawceQdgIfTI+sdcwkiK2KU+2cbEYA0agzM2uqaUy2UpnnGHtWTHVEtS0ES4zHU0eMFRGN+oQgDxlD66A==
    dependencies:
      vscode-jsonrpc "6.0.0"
      vscode-languageserver-types "3.16.0"
  
  vscode-languageserver-types@3.16.0:
    version "3.16.0"
    resolved "https://registry.yarnpkg.com/vscode-languageserver-types/-/vscode-languageserver-types-3.16.0.tgz#ecf393fc121ec6974b2da3efb3155644c514e247"
    integrity sha512-k8luDIWJWyenLc5ToFQQMaSrqCHiLwyKPHKPQZ5zz21vM+vIVUSvsRpcbiECH4WR88K2XZqc4ScRcZ7nk/jbeA==
  
  yallist@^4.0.0:
    version "4.0.0"
    resolved "https://registry.yarnpkg.com/yallist/-/yallist-4.0.0.tgz#9bb92790d9c0effec63be73519e11a35019a3a72"
    integrity sha512-3wdGidZyq5PB084XLES5TpOSRA3wjXAlIWMhum2kRcv/41Sn2emQ0dycQW4uZXLejwKvg6EsvbdlVL+FYEct7A==
